CONTEXT: norman architecture typically stands out as a new stage in the architectural history of the regions they subdued . they spread a unique romanesque idiom to england and italy , and the encastellation of these regions with keeps in their north french style fundamentally altered the military landscape . their style was characterised by rounded arches , particularly over windows and doorways , and massive proportions .
QUESTION: what kind of arches does norman architecture have ?
ANSWER: rounded

CONTEXT: charles avison , the leading british composer of concertos in the 18th century , was born in newcastle upon tyne in 1709 and died there in 1770 . basil hume , archbishop of westminster , was born in the city in 1923 . vice admiral cuthbert collingwood , 1st baron collingwood , was born in the city . ironmaster , metallurgist , and member of parliament isaac lowthian bell was born in the city in 1816 . other notable people born in or associated with newcastle include : engineer and industrialist lord armstrong , engineer and father of the modern steam railways george stephenson , his son , also an engineer , robert stephenson , engineer and inventor of the steam turbine sir charles parsons , inventor of the incandescent light bulb sir joseph swan , modernist poet basil bunting , and lord chief justice peter taylor . portuguese writer eça de queiroz was a diplomat in newcastle from late 1874 until april 1879—his most productive literary period . former prime minister of thailand abhisit vejjajiva , was born in the city .
QUESTION: what year did charles avison die in newcastle ?
ANSWER: 1770

CONTEXT: westwood one will carry the game throughout north america , with kevin harlan as play-by-play announcer , boomer esiason and dan fouts as color analysts , and james lofton and mark malone as sideline reporters . jim gray will anchor the pre-game and halftime coverage .
QUESTION: who is the play-by-play announcer for the game ?
ANSWER: kevin harlan

CONTEXT: non-revolutionary civil disobedience is a simple disobedience of laws on the grounds that they are judged " wrong " by an individual conscience , or as part of an effort to render certain laws ineffective , to cause their repeal , or to exert pressure to get one 's political wishes on some other issue . revolutionary civil disobedience is more of an active attempt to overthrow a government ( or to change cultural traditions , social customs , religious beliefs , etc ... revolution does n't have to be political , i.e . " cultural revolution " , it simply implies sweeping and widespread change to a section of the social fabric ) . gandhi 's acts have been described as revolutionary civil disobedience . it has been claimed that the hungarians under ferenc deák directed revolutionary civil disobedience against the austrian government . thoreau also wrote of civil disobedience accomplishing " peaceable revolution . " howard zinn , harvey wheeler , and others have identified the right espoused in the declaration of independence to " alter or abolish " an unjust government to be a principle of civil disobedience .
QUESTION: what type of civil disobedience is larger scale ?
ANSWER: revolutionary civil disobedience

CONTEXT: legally , only non-profit trusts and societies can run schools in india . they will have to satisfy a number of infrastructure and human resource related criteria to get recognition ( a form of license ) from the government . critics of this system point out that this leads to corruption by school inspectors who check compliance and to fewer schools in a country that has the largest adult illiterate population in the world . while official data does not capture the real extent of private schooling in the country , various studies have reported unpopularity of government schools and an increasing number of private schools . the annual status of education report ( aser ) , which evaluates learning levels in rural india , has been reporting poorer academic achievement in government schools than in private schools . a key difference between the government and private schools is that the medium of education in private schools is english while it is the local language in government schools .
QUESTION: what is the full name of the aser ?
ANSWER: annual status of education report

CONTEXT: a wide selection of serials are available from bbc video on dvd , on sale in the united kingdom , australia , canada and the united states . every fully extant serial has been released on vhs , and bbc worldwide continues to regularly release serials on dvd . the 2005 series is also available in its entirety on umd for the playstation portable . eight original series serials have been released on laserdisc and many have also been released on betamax tape and video 2000 . one episode of doctor who ( the infinite quest ) was released on vcd . only the series from 2009 onwards are available on blu-ray , except for the 1970 story spearhead from space , released in july 2013 . many early releases have been re-released as special editions , with more bonus features .
QUESTION: what is the only episode released on vcd ?
ANSWER: the infinite quest

CONTEXT: legrande writes that " the formulation of a single all-encompassing definition of the term is extremely difficult , if not impossible . in reviewing the voluminous literature on the subject , the student of civil disobedience rapidly finds himself surrounded by a maze of semantical problems and grammatical niceties . like alice in wonderland , he often finds that specific terminology has no more ( or no less ) meaning than the individual orator intends it to have . " he encourages a distinction between lawful protest demonstration , nonviolent civil disobedience , and violent civil disobedience .
QUESTION: what issue plagues the literature about civil disobedience ?
ANSWER: semantical problems and grammatical niceties

CONTEXT: people who climb mountains or fly in non-pressurized fixed-wing aircraft sometimes have supplemental o 2 supplies . [ h ] passengers traveling in ( pressurized ) commercial airplanes have an emergency supply of o 2 automatically supplied to them in case of cabin depressurization . sudden cabin pressure loss activates chemical oxygen generators above each seat , causing oxygen masks to drop . pulling on the masks " to start the flow of oxygen " as cabin safety instructions dictate , forces iron filings into the sodium chlorate inside the canister . a steady stream of oxygen gas is then produced by the exothermic reaction .
QUESTION: what gas does the airline exothermic reaction produce ?
ANSWER: oxygen gas

CONTEXT: whilst this is the consensus viewpoint amongst the majority of academics , some teachers and parents advocate a more assertive and confrontational style of discipline . [ citation needed ] such individuals claim that many problems with modern schooling stem from the weakness in school discipline and if teachers exercised firm control over the classroom they would be able to teach more efficiently . this viewpoint is supported by the educational attainment of countries—in east asia for instance—that combine strict discipline with high standards of education . [ citation needed ]
QUESTION: who wants a more confrontational type of discipline ?
ANSWER: some teachers and parents

CONTEXT: another important library – the university library , founded in 1816 , is home to over two million items . the building was designed by architects marek budzyński and zbigniew badowski and opened on 15 december 1999 . it is surrounded by green . the university library garden , designed by irena bajerska , was opened on 12 june 2002 . it is one of the largest and most beautiful roof gardens in europe with an area of more than 10,000 m2 ( 107,639.10 sq ft ) , and plants covering 5,111 m2 ( 55,014.35 sq ft ) . as the university garden it is open to the public every day .
QUESTION: who designed the garden for the university library ?
ANSWER: irena bajerska

